<?xml version="1.0" encoding="UTF-8"?>
<testsuite xmlns:xsi="http://www.w3.org/2001/XMLSchema-instance" xsi:noNamespaceSchemaLocation="https://maven.apache.org/surefire/maven-surefire-plugin/xsd/surefire-test-report-3.0.xsd" version="3.0" name="gov.fdic.tip.commons.retention.util.RetentionUtilTest" time="2.216" tests="22" errors="0" skipped="0" failures="0">
  <properties>
[...]
</properties>
  <testcase name="resolve_10Years" classname="gov.fdic.tip.commons.retention.util.RetentionUtilTest" time="1.925"/>
  <testcase name="addDuration_years" classname="gov.fdic.tip.commons.retention.util.RetentionUtilTest" time="0.006"/>
  <testcase name="validate_nullConnection" classname="gov.fdic.tip.commons.retention.util.RetentionUtilTest" time="0.015"/>
  <testcase name="resolve_registryMissing" classname="gov.fdic.tip.commons.retention.util.RetentionUtilTest" time="0.007"/>
  <testcase name="resolve_rowMissingDuringBasisRead" classname="gov.fdic.tip.commons.retention.util.RetentionUtilTest" time="0.008"/>
  <testcase name="apply_executesUpdateCorrectly" classname="gov.fdic.tip.commons.retention.util.RetentionUtilTest" time="0.015"/>
  <testcase name="validate_blankSchema" classname="gov.fdic.tip.commons.retention.util.RetentionUtilTest" time="0.003"/>
  <testcase name="resolve_legalHold_purgeIsNull" classname="gov.fdic.tip.commons.retention.util.RetentionUtilTest" time="0.021">
    <system-out><![CDATA[23:27:54.093 [main] WARN  g.f.t.c.retention.util.RetentionUtil - Legal hold ACTIVE for txn.tbl_jpmcinvoices — purge_date will be NULL for row 551ee23f-b306-47c9-88c1-dfd762d04440
]]></system-out>
  </testcase>
  <testcase name="resolve_6Months" classname="gov.fdic.tip.commons.retention.util.RetentionUtilTest" time="0.01"/>
  <testcase name="resolve_basisDateIsNull" classname="gov.fdic.tip.commons.retention.util.RetentionUtilTest" time="0.006"/>
  <testcase name="sanitise_valid" classname="gov.fdic.tip.commons.retention.util.RetentionUtilTest" time="0.005"/>
  <testcase name="validate_nullRowId" classname="gov.fdic.tip.commons.retention.util.RetentionUtilTest" time="0.005"/>
  <testcase name="validate_nullTable" classname="gov.fdic.tip.commons.retention.util.RetentionUtilTest" time="0.004"/>
  <testcase name="addDuration_unknownUnit" classname="gov.fdic.tip.commons.retention.util.RetentionUtilTest" time="0.004"/>
  <testcase name="addDuration_days" classname="gov.fdic.tip.commons.retention.util.RetentionUtilTest" time="0.004"/>
  <testcase name="apply_updateAffectsZeroRows" classname="gov.fdic.tip.commons.retention.util.RetentionUtilTest" time="0.007"/>
  <testcase name="apply_sqlException_wrappedAsSqlError" classname="gov.fdic.tip.commons.retention.util.RetentionUtilTest" time="0.016"/>
  <testcase name="resolve_90Days" classname="gov.fdic.tip.commons.retention.util.RetentionUtilTest" time="0.007"/>
  <testcase name="apply_legalHold_setsNullOnPurgeDate" classname="gov.fdic.tip.commons.retention.util.RetentionUtilTest" time="0.01">
    <system-out><![CDATA[23:27:54.188 [main] WARN  g.f.t.c.retention.util.RetentionUtil - Legal hold ACTIVE for txn.tbl_jpmcinvoices — purge_date will be NULL for row 551ee23f-b306-47c9-88c1-dfd762d04440
]]></system-out>
  </testcase>
  <testcase name="addDuration_months" classname="gov.fdic.tip.commons.retention.util.RetentionUtilTest" time="0.004"/>
  <testcase name="sanitise_nullRejected" classname="gov.fdic.tip.commons.retention.util.RetentionUtilTest" time="0.004"/>
  <testcase name="sanitise_hyphenRejected" classname="gov.fdic.tip.commons.retention.util.RetentionUtilTest" time="0.004"/>
</testsuite>